mode: set
github.com/wealthpath/backend/internal/repository/budget_repository.go:19.57,21.2 1 0
github.com/wealthpath/backend/internal/repository/budget_repository.go:23.84,34.2 3 0
github.com/wealthpath/backend/internal/repository/budget_repository.go:36.94,40.35 4 0
github.com/wealthpath/backend/internal/repository/budget_repository.go:40.35,42.3 1 0
github.com/wealthpath/backend/internal/repository/budget_repository.go:43.2,43.21 1 0
github.com/wealthpath/backend/internal/repository/budget_repository.go:46.96,51.2 4 0
github.com/wealthpath/backend/internal/repository/budget_repository.go:53.84,64.2 3 0
github.com/wealthpath/backend/internal/repository/budget_repository.go:66.94,69.16 3 0
github.com/wealthpath/backend/internal/repository/budget_repository.go:69.16,71.3 1 0
github.com/wealthpath/backend/internal/repository/budget_repository.go:72.2,73.16 2 0
github.com/wealthpath/backend/internal/repository/budget_repository.go:73.16,75.3 1 0
github.com/wealthpath/backend/internal/repository/budget_repository.go:76.2,76.15 1 0
github.com/wealthpath/backend/internal/repository/budget_repository.go:76.15,78.3 1 0
github.com/wealthpath/backend/internal/repository/budget_repository.go:79.2,79.12 1 0
github.com/wealthpath/backend/internal/repository/budget_repository.go:82.108,91.2 4 0
github.com/wealthpath/backend/internal/repository/debt_repository.go:20.53,22.2 1 0
github.com/wealthpath/backend/internal/repository/debt_repository.go:24.78,35.2 3 0
github.com/wealthpath/backend/internal/repository/debt_repository.go:37.90,41.35 4 0
github.com/wealthpath/backend/internal/repository/debt_repository.go:41.35,43.3 1 0
github.com/wealthpath/backend/internal/repository/debt_repository.go:44.2,44.19 1 0
github.com/wealthpath/backend/internal/repository/debt_repository.go:47.92,52.2 4 0
github.com/wealthpath/backend/internal/repository/debt_repository.go:54.78,67.2 3 0
github.com/wealthpath/backend/internal/repository/debt_repository.go:69.92,72.16 3 0
github.com/wealthpath/backend/internal/repository/debt_repository.go:72.16,74.3 1 0
github.com/wealthpath/backend/internal/repository/debt_repository.go:75.2,76.16 2 0
github.com/wealthpath/backend/internal/repository/debt_repository.go:76.16,78.3 1 0
github.com/wealthpath/backend/internal/repository/debt_repository.go:79.2,79.15 1 0
github.com/wealthpath/backend/internal/repository/debt_repository.go:79.15,81.3 1 0
github.com/wealthpath/backend/internal/repository/debt_repository.go:82.2,82.12 1 0
github.com/wealthpath/backend/internal/repository/debt_repository.go:85.95,87.16 2 0
github.com/wealthpath/backend/internal/repository/debt_repository.go:87.16,89.3 1 0
github.com/wealthpath/backend/internal/repository/debt_repository.go:90.2,90.15 1 0
github.com/wealthpath/backend/internal/repository/debt_repository.go:90.15,90.36 1 0
github.com/wealthpath/backend/internal/repository/debt_repository.go:93.2,101.16 4 0
github.com/wealthpath/backend/internal/repository/debt_repository.go:101.16,103.3 1 0
github.com/wealthpath/backend/internal/repository/debt_repository.go:106.2,108.16 3 0
github.com/wealthpath/backend/internal/repository/debt_repository.go:108.16,110.3 1 0
github.com/wealthpath/backend/internal/repository/debt_repository.go:112.2,112.20 1 0
github.com/wealthpath/backend/internal/repository/debt_repository.go:115.106,120.2 4 0
github.com/wealthpath/backend/internal/repository/debt_repository.go:122.103,127.2 4 0
github.com/wealthpath/backend/internal/repository/recurring_repository.go:18.63,20.2 1 0
github.com/wealthpath/backend/internal/repository/recurring_repository.go:22.97,34.2 3 0
github.com/wealthpath/backend/internal/repository/recurring_repository.go:36.111,40.35 4 0
github.com/wealthpath/backend/internal/repository/recurring_repository.go:40.35,42.3 1 0
github.com/wealthpath/backend/internal/repository/recurring_repository.go:43.2,43.17 1 0
github.com/wealthpath/backend/internal/repository/recurring_repository.go:46.120,51.2 4 0
github.com/wealthpath/backend/internal/repository/recurring_repository.go:53.126,58.2 4 0
github.com/wealthpath/backend/internal/repository/recurring_repository.go:60.97,72.2 2 0
github.com/wealthpath/backend/internal/repository/recurring_repository.go:74.79,78.2 3 0
github.com/wealthpath/backend/internal/repository/recurring_repository.go:81.127,91.2 4 0
github.com/wealthpath/backend/internal/repository/recurring_repository.go:94.143,101.2 3 0
github.com/wealthpath/backend/internal/repository/recurring_repository.go:104.123,116.2 4 0
github.com/wealthpath/backend/internal/repository/savings_repository.go:20.67,22.2 1 0
github.com/wealthpath/backend/internal/repository/savings_repository.go:24.92,31.33 3 0
github.com/wealthpath/backend/internal/repository/savings_repository.go:31.33,33.3 1 0
github.com/wealthpath/backend/internal/repository/savings_repository.go:34.2,37.42 1 0
github.com/wealthpath/backend/internal/repository/savings_repository.go:40.104,44.35 4 0
github.com/wealthpath/backend/internal/repository/savings_repository.go:44.35,46.3 1 0
github.com/wealthpath/backend/internal/repository/savings_repository.go:47.2,47.19 1 0
github.com/wealthpath/backend/internal/repository/savings_repository.go:50.106,55.2 4 0
github.com/wealthpath/backend/internal/repository/savings_repository.go:57.92,68.2 3 0
github.com/wealthpath/backend/internal/repository/savings_repository.go:70.99,73.16 3 0
github.com/wealthpath/backend/internal/repository/savings_repository.go:73.16,75.3 1 0
github.com/wealthpath/backend/internal/repository/savings_repository.go:76.2,77.16 2 0
github.com/wealthpath/backend/internal/repository/savings_repository.go:77.16,79.3 1 0
github.com/wealthpath/backend/internal/repository/savings_repository.go:80.2,80.15 1 0
github.com/wealthpath/backend/internal/repository/savings_repository.go:80.15,82.3 1 0
github.com/wealthpath/backend/internal/repository/savings_repository.go:83.2,83.12 1 0
github.com/wealthpath/backend/internal/repository/savings_repository.go:86.132,93.2 3 0
github.com/wealthpath/backend/internal/repository/savings_repository.go:95.113,100.2 4 0
github.com/wealthpath/backend/internal/repository/transaction_repository.go:21.67,23.2 1 1
github.com/wealthpath/backend/internal/repository/transaction_repository.go:25.90,35.2 3 1
github.com/wealthpath/backend/internal/repository/transaction_repository.go:37.104,41.35 4 1
github.com/wealthpath/backend/internal/repository/transaction_repository.go:41.35,43.3 1 1
github.com/wealthpath/backend/internal/repository/transaction_repository.go:44.2,44.17 1 1
github.com/wealthpath/backend/internal/repository/transaction_repository.go:47.134,63.2 4 1
github.com/wealthpath/backend/internal/repository/transaction_repository.go:65.90,75.2 3 1
github.com/wealthpath/backend/internal/repository/transaction_repository.go:77.99,80.16 3 1
github.com/wealthpath/backend/internal/repository/transaction_repository.go:80.16,82.3 1 0
github.com/wealthpath/backend/internal/repository/transaction_repository.go:83.2,84.16 2 1
github.com/wealthpath/backend/internal/repository/transaction_repository.go:84.16,86.3 1 0
github.com/wealthpath/backend/internal/repository/transaction_repository.go:87.2,87.15 1 1
github.com/wealthpath/backend/internal/repository/transaction_repository.go:87.15,89.3 1 1
github.com/wealthpath/backend/internal/repository/transaction_repository.go:90.2,90.12 1 1
github.com/wealthpath/backend/internal/repository/transaction_repository.go:93.156,109.2 4 1
github.com/wealthpath/backend/internal/repository/transaction_repository.go:111.160,123.16 4 1
github.com/wealthpath/backend/internal/repository/transaction_repository.go:123.16,125.3 1 0
github.com/wealthpath/backend/internal/repository/transaction_repository.go:127.2,128.28 2 1
github.com/wealthpath/backend/internal/repository/transaction_repository.go:128.28,130.3 1 1
github.com/wealthpath/backend/internal/repository/transaction_repository.go:131.2,131.24 1 1
github.com/wealthpath/backend/internal/repository/transaction_repository.go:134.163,143.2 4 1
github.com/wealthpath/backend/internal/repository/transaction_repository.go:145.134,150.2 4 1
github.com/wealthpath/backend/internal/repository/transaction_repository.go:152.140,166.2 4 0
github.com/wealthpath/backend/internal/repository/user_repository.go:20.53,22.2 1 0
github.com/wealthpath/backend/internal/repository/user_repository.go:24.78,35.2 3 0
github.com/wealthpath/backend/internal/repository/user_repository.go:37.93,41.35 4 0
github.com/wealthpath/backend/internal/repository/user_repository.go:41.35,43.3 1 0
github.com/wealthpath/backend/internal/repository/user_repository.go:44.2,44.19 1 0
github.com/wealthpath/backend/internal/repository/user_repository.go:47.90,51.35 4 0
github.com/wealthpath/backend/internal/repository/user_repository.go:51.35,53.3 1 0
github.com/wealthpath/backend/internal/repository/user_repository.go:54.2,54.19 1 0
github.com/wealthpath/backend/internal/repository/user_repository.go:57.78,67.2 2 0
github.com/wealthpath/backend/internal/repository/user_repository.go:69.105,73.35 4 0
github.com/wealthpath/backend/internal/repository/user_repository.go:73.35,75.3 1 0
github.com/wealthpath/backend/internal/repository/user_repository.go:76.2,76.19 1 0
github.com/wealthpath/backend/internal/repository/user_repository.go:79.87,84.2 4 0
